09:09:33:711 DEBUG 37012 --- [http-nio-8084-exec-2] c.h.user.mapper.UserMapper.selectOne     : ==>  Preparing: SELECT id,username,password,phone,create_time,update_time,status,balance FROM user WHERE (username = ?)
09:09:33:718 DEBUG 37012 --- [http-nio-8084-exec-2] c.h.user.mapper.UserMapper.selectOne     : ==> Parameters: jack(String)
09:09:33:720 DEBUG 37012 --- [http-nio-8084-exec-2] c.h.user.mapper.UserMapper.selectOne     : <==      Total: 1
09:09:40:548 DEBUG 37012 --- [http-nio-8084-exec-5] c.h.u.mapper.AddressMapper.selectList    : ==>  Preparing: SELECT id,user_id,province,city,town,mobile,street,contact,is_default,notes FROM address WHERE (user_id = ?)
09:09:40:549 DEBUG 37012 --- [http-nio-8084-exec-5] c.h.u.mapper.AddressMapper.selectList    : ==> Parameters: 1(Long)
09:09:40:551 DEBUG 37012 --- [http-nio-8084-exec-5] c.h.u.mapper.AddressMapper.selectList    : <==      Total: 4
09:12:56:703 DEBUG 37012 --- [http-nio-8084-exec-3] c.h.user.mapper.UserMapper.selectOne     : ==>  Preparing: SELECT id,username,password,phone,create_time,update_time,status,balance FROM user WHERE (username = ?)
09:12:56:703 DEBUG 37012 --- [http-nio-8084-exec-3] c.h.user.mapper.UserMapper.selectOne     : ==> Parameters: jack(String)
09:12:56:704 DEBUG 37012 --- [http-nio-8084-exec-3] c.h.user.mapper.UserMapper.selectOne     : <==      Total: 1
09:13:00:137 DEBUG 37012 --- [http-nio-8084-exec-6] c.h.u.mapper.AddressMapper.selectList    : ==>  Preparing: SELECT id,user_id,province,city,town,mobile,street,contact,is_default,notes FROM address WHERE (user_id = ?)
09:13:00:137 DEBUG 37012 --- [http-nio-8084-exec-6] c.h.u.mapper.AddressMapper.selectList    : ==> Parameters: 1(Long)
09:13:00:138 DEBUG 37012 --- [http-nio-8084-exec-6] c.h.u.mapper.AddressMapper.selectList    : <==      Total: 4
09:19:27:195 DEBUG 37012 --- [http-nio-8084-exec-8] c.h.u.mapper.AddressMapper.selectList    : ==>  Preparing: SELECT id,user_id,province,city,town,mobile,street,contact,is_default,notes FROM address WHERE (user_id = ?)
09:19:27:197 DEBUG 37012 --- [http-nio-8084-exec-8] c.h.u.mapper.AddressMapper.selectList    : ==> Parameters: 1(Long)
09:19:27:197 DEBUG 37012 --- [http-nio-8084-exec-8] c.h.u.mapper.AddressMapper.selectList    : <==      Total: 4
09:27:33:240 DEBUG 37012 --- [http-nio-8084-exec-10] c.h.u.mapper.AddressMapper.selectList    : ==>  Preparing: SELECT id,user_id,province,city,town,mobile,street,contact,is_default,notes FROM address WHERE (user_id = ?)
09:27:33:240 DEBUG 37012 --- [http-nio-8084-exec-10] c.h.u.mapper.AddressMapper.selectList    : ==> Parameters: 1(Long)
09:27:33:242 DEBUG 37012 --- [http-nio-8084-exec-10] c.h.u.mapper.AddressMapper.selectList    : <==      Total: 4
09:36:57:708  WARN 37012 --- [Thread-4] c.a.nacos.common.notify.NotifyCenter     : [NotifyCenter] Start destroying Publisher
09:36:57:708  WARN 37012 --- [Thread-7] c.a.n.common.http.HttpClientBeanHolder   : [HttpClientBeanHolder] Start destroying common HttpClient
09:36:57:708  WARN 37012 --- [Thread-4] c.a.nacos.common.notify.NotifyCenter     : [NotifyCenter] Destruction of the end
09:36:57:708  WARN 37012 --- [Thread-7] c.a.n.common.http.HttpClientBeanHolder   : [HttpClientBeanHolder] Destruction of the end
09:36:58:412  INFO 37012 --- [SpringApplicationShutdownHook] c.a.c.n.registry.NacosServiceRegistry    : De-registering from Nacos Server now...
09:36:58:415  INFO 37012 --- [SpringApplicationShutdownHook] c.a.c.n.registry.NacosServiceRegistry    : De-registration finished.
09:36:58:745  INFO 37012 --- [SpringApplicationShutdownHook] com.alibaba.nacos.common.remote.client   : Shutdown rpc client, set status to shutdown
09:36:58:745  INFO 37012 --- [SpringApplicationShutdownHook] com.alibaba.nacos.common.remote.client   : Shutdown client event executor java.util.concurrent.ScheduledThreadPoolExecutor@53176a1c[Running, pool size = 2, active threads = 2, queued tasks = 0, completed tasks = 0]
09:36:58:745  INFO 37012 --- [SpringApplicationShutdownHook] com.alibaba.nacos.common.remote.client   : Close current connection 1721639081135_192.168.200.1_13943
09:36:58:747  INFO 37012 --- [nacos-grpc-client-executor-11920] c.a.n.c.remote.client.grpc.GrpcClient    : [1721639081135_192.168.200.1_13943]Ignore complete event,isRunning:false,isAbandon=false
09:36:58:748  INFO 37012 --- [SpringApplicationShutdownHook] c.a.n.c.remote.client.grpc.GrpcClient    : Shutdown grpc executor java.util.concurrent.ThreadPoolExecutor@3ff5a3c4[Running, pool size = 5, active threads = 0, queued tasks = 0, completed tasks = 11921]
09:36:58:752  INFO 37012 --- [SpringApplicationShutdownHook] com.zaxxer.hikari.HikariDataSource       : HikariPool-1 - Shutdown initiated...
09:36:58:764  INFO 37012 --- [SpringApplicationShutdownHook] com.zaxxer.hikari.HikariDataSource       : HikariPool-1 - Shutdown completed.
09:37:17:939  INFO 37652 --- [main] com.hmall.user.UserApplication           : Starting UserApplication using Java 11.0.23 on Qiuner with PID 37652 (D:\Code\hmall-SpringCloud-Study\user-service\target\classes started by Qiuner in D:\Code\hmall-SpringCloud-Study)
09:37:17:941 DEBUG 37652 --- [main] com.hmall.user.UserApplication           : Running with Spring Boot v2.7.12, Spring v5.3.27
09:37:17:941  INFO 37652 --- [main] com.hmall.user.UserApplication           : The following 1 profile is active: "local"
09:37:18:490  INFO 37652 --- [main] o.s.cloud.context.scope.GenericScope     : BeanFactory id=c84af717-a19d-34c5-ba5a-cf2bbbf28a33
09:37:18:657  INFO 37652 --- [main] o.s.b.w.embedded.tomcat.TomcatWebServer  : Tomcat initialized with port(s): 8084 (http)
09:37:18:662  INFO 37652 --- [main] o.apache.catalina.core.StandardService   : Starting service [Tomcat]
09:37:18:662  INFO 37652 --- [main] org.apache.catalina.core.StandardEngine  : Starting Servlet engine: [Apache Tomcat/9.0.75]
09:37:18:728  INFO 37652 --- [main] o.a.c.c.C.[Tomcat].[localhost].[/]       : Initializing Spring embedded WebApplicationContext
09:37:18:728  INFO 37652 --- [main] w.s.c.ServletWebServerApplicationContext : Root WebApplicationContext: initialization completed in 763 ms
09:37:24:076  INFO 37652 --- [main] pertySourcedRequestMappingHandlerMapping : Mapped URL path [/v2/api-docs] onto method [springfox.documentation.swagger2.web.Swagger2ControllerWebMvc#getDocumentation(String, HttpServletRequest)]
09:37:25:363  INFO 37652 --- [main] com.alibaba.nacos.common.remote.client   : [RpcClientFactory] create a new rpc client of e4e1005a-162a-4541-8431-3b83dbc5c89f
09:37:25:395  INFO 37652 --- [main] org.reflections.Reflections              : Reflections took 17 ms to scan 1 urls, producing 3 keys and 6 values 
09:37:25:413  INFO 37652 --- [main] org.reflections.Reflections              : Reflections took 9 ms to scan 1 urls, producing 4 keys and 9 values 
09:37:25:423  INFO 37652 --- [main] org.reflections.Reflections              : Reflections took 8 ms to scan 1 urls, producing 3 keys and 10 values 
09:37:25:425  WARN 37652 --- [main] org.reflections.Reflections              : given scan urls are empty. set urls in the configuration
09:37:25:432  INFO 37652 --- [main] org.reflections.Reflections              : Reflections took 7 ms to scan 1 urls, producing 1 keys and 5 values 
09:37:25:441  INFO 37652 --- [main] org.reflections.Reflections              : Reflections took 8 ms to scan 1 urls, producing 1 keys and 7 values 
09:37:25:459  INFO 37652 --- [main] org.reflections.Reflections              : Reflections took 16 ms to scan 1 urls, producing 2 keys and 8 values 
09:37:25:461  WARN 37652 --- [main] org.reflections.Reflections              : given scan urls are empty. set urls in the configuration
09:37:25:462  INFO 37652 --- [main] com.alibaba.nacos.common.remote.client   : [e4e1005a-162a-4541-8431-3b83dbc5c89f] RpcClient init label, labels = {module=naming, source=sdk}
09:37:25:462  INFO 37652 --- [main] com.alibaba.nacos.common.remote.client   : [e4e1005a-162a-4541-8431-3b83dbc5c89f] RpcClient init, ServerListFactory = com.alibaba.nacos.client.naming.core.ServerListManager
09:37:25:464  INFO 37652 --- [main] com.alibaba.nacos.common.remote.client   : [e4e1005a-162a-4541-8431-3b83dbc5c89f] Registry connection listener to current client:com.alibaba.nacos.client.naming.remote.gprc.redo.NamingGrpcRedoService
09:37:25:464  INFO 37652 --- [main] com.alibaba.nacos.common.remote.client   : [e4e1005a-162a-4541-8431-3b83dbc5c89f] Register server push request handler:com.alibaba.nacos.client.naming.remote.gprc.NamingPushRequestHandler
09:37:25:465  INFO 37652 --- [main] com.alibaba.nacos.common.remote.client   : [e4e1005a-162a-4541-8431-3b83dbc5c89f] Try to connect to server on start up, server: {serverIp = '192.168.200.128', server main port = 8848}
09:37:28:581  INFO 37652 --- [main] com.alibaba.nacos.common.remote.client   : [e4e1005a-162a-4541-8431-3b83dbc5c89f] Success to connect to server [192.168.200.128:8848] on start up, connectionId = 1721698647740_192.168.200.1_5738
09:37:28:581  INFO 37652 --- [com.alibaba.nacos.client.remote.worker] com.alibaba.nacos.common.remote.client   : [e4e1005a-162a-4541-8431-3b83dbc5c89f] Notify connected event to listeners.
09:37:28:583  INFO 37652 --- [main] com.alibaba.nacos.common.remote.client   : [e4e1005a-162a-4541-8431-3b83dbc5c89f] Register server push request handler:com.alibaba.nacos.common.remote.client.RpcClient$ConnectResetRequestHandler
09:37:28:583  INFO 37652 --- [main] com.alibaba.nacos.common.remote.client   : [e4e1005a-162a-4541-8431-3b83dbc5c89f] Register server push request handler:com.alibaba.nacos.common.remote.client.RpcClient$$Lambda$953/0x0000000800714040
09:37:28:616  INFO 37652 --- [main] o.s.b.w.embedded.tomcat.TomcatWebServer  : Tomcat started on port(s): 8084 (http) with context path ''
09:37:28:624  INFO 37652 --- [main] c.a.c.n.registry.NacosServiceRegistry    : nacos registry, DEFAULT_GROUP user-service 10.196.122.166:8084 register finished
09:37:29:136  INFO 37652 --- [nacos-grpc-client-executor-7] com.alibaba.nacos.common.remote.client   : [e4e1005a-162a-4541-8431-3b83dbc5c89f] Receive server push request, request = NotifySubscriberRequest, requestId = 222
09:37:29:138  INFO 37652 --- [nacos-grpc-client-executor-7] com.alibaba.nacos.common.remote.client   : [e4e1005a-162a-4541-8431-3b83dbc5c89f] Ack server push request, request = NotifySubscriberRequest, requestId = 222
09:37:29:867  INFO 37652 --- [main] d.s.w.p.DocumentationPluginsBootstrapper : Documentation plugins bootstrapped
09:37:29:868  INFO 37652 --- [main] d.s.w.p.DocumentationPluginsBootstrapper : Found 1 custom documentation plugin(s)
09:37:29:883  INFO 37652 --- [main] s.d.s.w.s.ApiListingReferenceScanner     : Scanning for api listing references
09:37:29:941  INFO 37652 --- [main] com.hmall.user.UserApplication           : Started UserApplication in 15.97 seconds (JVM running for 17.193)
09:38:26:243  INFO 37652 --- [http-nio-8084-exec-1] o.a.c.c.C.[Tomcat].[localhost].[/]       : Initializing Spring DispatcherServlet 'dispatcherServlet'
09:38:26:243  INFO 37652 --- [http-nio-8084-exec-1] o.s.web.servlet.DispatcherServlet        : Initializing Servlet 'dispatcherServlet'
09:38:26:244  INFO 37652 --- [http-nio-8084-exec-1] o.s.web.servlet.DispatcherServlet        : Completed initialization in 1 ms
09:38:26:313  INFO 37652 --- [http-nio-8084-exec-1] com.zaxxer.hikari.HikariDataSource       : HikariPool-1 - Starting...
09:38:26:412  INFO 37652 --- [http-nio-8084-exec-1] com.zaxxer.hikari.HikariDataSource       : HikariPool-1 - Start completed.
09:38:26:415 DEBUG 37652 --- [http-nio-8084-exec-1] c.h.user.mapper.UserMapper.selectOne     : ==>  Preparing: SELECT id,username,password,phone,create_time,update_time,status,balance FROM user WHERE (username = ?)
09:38:26:424 DEBUG 37652 --- [http-nio-8084-exec-1] c.h.user.mapper.UserMapper.selectOne     : ==> Parameters: jack(String)
09:38:26:435 DEBUG 37652 --- [http-nio-8084-exec-1] c.h.user.mapper.UserMapper.selectOne     : <==      Total: 1
09:39:37:901 DEBUG 37652 --- [http-nio-8084-exec-6] c.h.user.mapper.UserMapper.selectOne     : ==>  Preparing: SELECT id,username,password,phone,create_time,update_time,status,balance FROM user WHERE (username = ?)
09:39:37:901 DEBUG 37652 --- [http-nio-8084-exec-6] c.h.user.mapper.UserMapper.selectOne     : ==> Parameters: Rose(String)
09:39:37:903 DEBUG 37652 --- [http-nio-8084-exec-6] c.h.user.mapper.UserMapper.selectOne     : <==      Total: 1
09:42:55:617 DEBUG 37652 --- [http-nio-8084-exec-5] c.h.u.mapper.AddressMapper.selectList    : ==>  Preparing: SELECT id,user_id,province,city,town,mobile,street,contact,is_default,notes FROM address WHERE (user_id = ?)
09:42:55:617 DEBUG 37652 --- [http-nio-8084-exec-5] c.h.u.mapper.AddressMapper.selectList    : ==> Parameters: 2(Long)
09:42:55:619 DEBUG 37652 --- [http-nio-8084-exec-5] c.h.u.mapper.AddressMapper.selectList    : <==      Total: 0
09:59:50:734  WARN 37652 --- [Thread-7] c.a.n.common.http.HttpClientBeanHolder   : [HttpClientBeanHolder] Start destroying common HttpClient
09:59:50:734  WARN 37652 --- [Thread-4] c.a.nacos.common.notify.NotifyCenter     : [NotifyCenter] Start destroying Publisher
09:59:50:735  WARN 37652 --- [Thread-4] c.a.nacos.common.notify.NotifyCenter     : [NotifyCenter] Destruction of the end
09:59:50:735  WARN 37652 --- [Thread-7] c.a.n.common.http.HttpClientBeanHolder   : [HttpClientBeanHolder] Destruction of the end
09:59:51:064  INFO 37652 --- [SpringApplicationShutdownHook] c.a.c.n.registry.NacosServiceRegistry    : De-registering from Nacos Server now...
09:59:51:066  INFO 37652 --- [SpringApplicationShutdownHook] c.a.c.n.registry.NacosServiceRegistry    : De-registration finished.
09:59:51:398  INFO 37652 --- [SpringApplicationShutdownHook] com.alibaba.nacos.common.remote.client   : Shutdown rpc client, set status to shutdown
09:59:51:398  INFO 37652 --- [SpringApplicationShutdownHook] com.alibaba.nacos.common.remote.client   : Shutdown client event executor java.util.concurrent.ScheduledThreadPoolExecutor@6823f0a8[Running, pool size = 2, active threads = 2, queued tasks = 0, completed tasks = 0]
09:59:51:398  INFO 37652 --- [SpringApplicationShutdownHook] com.alibaba.nacos.common.remote.client   : Close current connection 1721698647740_192.168.200.1_5738
09:59:51:399  INFO 37652 --- [nacos-grpc-client-executor-280] c.a.n.c.remote.client.grpc.GrpcClient    : [1721698647740_192.168.200.1_5738]Ignore complete event,isRunning:false,isAbandon=false
09:59:51:401  INFO 37652 --- [SpringApplicationShutdownHook] c.a.n.c.remote.client.grpc.GrpcClient    : Shutdown grpc executor java.util.concurrent.ThreadPoolExecutor@6d478719[Running, pool size = 5, active threads = 0, queued tasks = 0, completed tasks = 281]
09:59:51:403  INFO 37652 --- [SpringApplicationShutdownHook] com.zaxxer.hikari.HikariDataSource       : HikariPool-1 - Shutdown initiated...
09:59:51:415  INFO 37652 --- [SpringApplicationShutdownHook] com.zaxxer.hikari.HikariDataSource       : HikariPool-1 - Shutdown completed.
